2025-05-13 11:11:51,738 - INFO - Original class distribution: Counter({0: 130, 1: 25, 3: 15, 2: 8})
2025-05-13 11:11:51,740 - INFO - Resampled class distribution: Counter({0: 130, 2: 130, 1: 25, 3: 15})
2025-05-13 11:12:05,719 - INFO - Best Parameters: {'colsample_bytree': 0.8, 'learning_rate': 0.1, 'max_depth': 7, 'n_estimators': 300, 'subsample': 1.0}
2025-05-13 11:12:05,725 - INFO - Model Parameters: {'colsample_bytree': 0.8, 'learning_rate': 0.1, 'max_depth': 7, 'n_estimators': 300, 'subsample': 1.0}
2025-05-13 11:12:05,726 - INFO - Confusion Matrix:
[[16  2  8  0]
 [ 2  0  1  0]
 [ 2  0 26  0]
 [ 1  1  0  1]]
2025-05-13 11:12:05,726 - INFO - Accuracy: 0.72
2025-05-13 11:12:05,726 - INFO - Precision: 0.63
2025-05-13 11:12:05,726 - INFO - Recall: 0.47
2025-05-13 11:12:05,726 - INFO - F1 Score: 0.50
2025-05-13 11:12:05,726 - INFO - Cross-validation scores: [0.36635693 0.36635693 0.37076605 0.37317477 0.39719472 0.38029532
 0.41727518 0.4415398  0.41910789 0.43513139 0.39404508 0.41778849
 0.41778759 0.43625925 0.40574788 0.43051171 0.40332135 0.43593033
 0.45168403 0.4606891  0.43571142 0.43657612 0.4374196  0.44939174
 0.43457633 0.44668834 0.44321186 0.44081049 0.44060107 0.44081049
 0.43290966 0.48004416 0.44304171 0.47710192 0.4386614  0.49203312
 0.46329786 0.44839523 0.43981635 0.45935495 0.45002851 0.45898044
 0.44309957 0.43426714 0.44237524 0.43198177 0.44146834 0.45306331
 0.44903192 0.47185941 0.44985378 0.47532947 0.4464014  0.4738827
 0.38482893 0.3974305  0.40219999 0.40106511 0.40182776 0.40807034
 0.40213978 0.41682007 0.41229154 0.39479149 0.42600748 0.43800232
 0.43880986 0.42534332 0.42595894 0.41246525 0.41501332 0.45750241
 0.45105036 0.44099287 0.43364015 0.46012308 0.44209497 0.46483062
 0.4440259  0.43585759 0.44707806 0.43874402 0.44186296 0.43730947
 0.46058937 0.42972213 0.45168769 0.4450307  0.4500024  0.44585195
 0.43463964 0.45441273 0.42329151 0.44932585 0.41904453 0.42573688
 0.442888   0.44528852 0.45185914 0.44098435 0.45412935 0.43135253
 0.45151025 0.41937191 0.446676   0.43741494 0.43690118 0.4654    ]
2025-05-13 11:12:05,726 - INFO - Classification Report:
              precision    recall  f1-score   support

           0       0.76      0.62      0.68        26
           1       0.00      0.00      0.00         3
           2       0.74      0.93      0.83        28
           3       1.00      0.33      0.50         3

    accuracy                           0.72        60
   macro avg       0.63      0.47      0.50        60
weighted avg       0.73      0.72      0.71        60

