2025-04-10 15:00:02,284 - INFO - Best Parameters: {'colsample_bytree': 0.8, 'learning_rate': 0.2, 'max_depth': 5, 'n_estimators': 200, 'subsample': 1.0}
2025-04-10 15:00:02,290 - INFO - Model Parameters: {'colsample_bytree': 0.8, 'learning_rate': 0.2, 'max_depth': 5, 'n_estimators': 200, 'subsample': 1.0}
2025-04-10 15:00:02,290 - INFO - Confusion Matrix:
[[19  3  2  2]
 [ 2  1  0  0]
 [ 0  1 27  0]
 [ 2  1  0  0]]
2025-04-10 15:00:02,290 - INFO - Accuracy: 0.78
2025-04-10 15:00:02,290 - INFO - Precision: 0.48
2025-04-10 15:00:02,290 - INFO - Recall: 0.51
2025-04-10 15:00:02,290 - INFO - F1 Score: 0.49
2025-04-10 15:00:02,290 - INFO - Cross-validation scores: [0.39972167 0.39716652 0.41157934 0.40123135 0.41710964 0.40954548
 0.41523472 0.4137674  0.41619432 0.46981325 0.42484781 0.47214973
 0.44192701 0.43291328 0.44146984 0.47479105 0.46415841 0.49152416
 0.41464436 0.45789459 0.45935335 0.48455744 0.46613533 0.48304757
 0.46309353 0.48021686 0.4660049  0.49837972 0.46392878 0.48672471
 0.46147841 0.48958212 0.47479472 0.48964218 0.47363985 0.48187933
 0.42699417 0.45451355 0.46561438 0.49690385 0.46939892 0.47060908
 0.46750603 0.4933756  0.46720964 0.52440784 0.46244438 0.52048022
 0.45845495 0.49428864 0.46812997 0.48784714 0.46403068 0.4862008
 0.40114682 0.3969702  0.41167134 0.3968932  0.4149245  0.42697549
 0.41235629 0.41805006 0.43500059 0.44113687 0.45220464 0.46587226
 0.44192389 0.48961849 0.46368098 0.50499972 0.46187537 0.47115508
 0.4320269  0.45950023 0.48314823 0.46388846 0.4905028  0.48248902
 0.47167614 0.4689137  0.47276016 0.47822475 0.46624157 0.47671488
 0.47745705 0.47863853 0.46888847 0.49702921 0.46617597 0.47537691
 0.44209698 0.46378027 0.46753349 0.46833048 0.45751243 0.47182389
 0.46273312 0.4865184  0.48554798 0.52084841 0.47505109 0.5210412
 0.47525268 0.50488659 0.47250762 0.48425776 0.47034558 0.48425776]
2025-04-10 15:00:02,290 - INFO - Classification Report:
              precision    recall  f1-score   support

           0       0.83      0.73      0.78        26
           1       0.17      0.33      0.22         3
           2       0.93      0.96      0.95        28
           3       0.00      0.00      0.00         3

    accuracy                           0.78        60
   macro avg       0.48      0.51      0.49        60
weighted avg       0.80      0.78      0.79        60
